<?xml version="1.0" encoding="UTF-8"?>
<testng-results ignored="0" total="1" passed="1" failed="0" skipped="0">
  <reporter-output>
  </reporter-output>
  <suite started-at="2022-11-29T13:30:43 UYT" name="Default suite" finished-at="2022-11-29T13:30:51 UYT" duration-ms="8131">
    <groups>
      <group name="Cuentas_Industrias">
        <method signature="CreateAccountTest.testCrearCuentaMineria()[pri:0, instance:accountTests.CreateAccountTest@3f6b0be5]" name="testCrearCuentaMineria" class="accountTests.CreateAccountTest"/>
      </group> <!-- Cuentas_Industrias -->
      <group name="Mineria">
        <method signature="CreateAccountTest.testCrearCuentaMineria()[pri:0, instance:accountTests.CreateAccountTest@3f6b0be5]" name="testCrearCuentaMineria" class="accountTests.CreateAccountTest"/>
      </group> <!-- Mineria -->
      <group name="Regression_Industrias">
        <method signature="CreateAccountTest.testCrearCuentaMineria()[pri:0, instance:accountTests.CreateAccountTest@3f6b0be5]" name="testCrearCuentaMineria" class="accountTests.CreateAccountTest"/>
      </group> <!-- Regression_Industrias -->
    </groups>
    <test started-at="2022-11-29T13:30:43 UYT" name="Default test" finished-at="2022-11-29T13:30:51 UYT" duration-ms="8131">
      <class name="accountTests.CreateAccountTest">
        <test-method is-config="true" signature="testSetup()[pri:0, instance:accountTests.CreateAccountTest@3f6b0be5]" started-at="2022-11-29T13:30:43 UYT" name="testSetup" finished-at="2022-11-29T13:30:44 UYT" duration-ms="1669" status="PASS">
          <reporter-output>
          </reporter-output>
        </test-method> <!-- testSetup -->
        <test-method signature="testCrearCuentaMineria()[pri:0, instance:accountTests.CreateAccountTest@3f6b0be5]" started-at="2022-11-29T13:30:44 UYT" name="testCrearCuentaMineria" finished-at="2022-11-29T13:30:51 UYT" duration-ms="6289" status="PASS">
          <reporter-output>
          </reporter-output>
        </test-method> <!-- testCrearCuentaMineria -->
        <test-method is-config="true" signature="tearDown()[pri:0, instance:accountTests.CreateAccountTest@3f6b0be5]" started-at="2022-11-29T13:30:51 UYT" name="tearDown" finished-at="2022-11-29T13:30:51 UYT" duration-ms="145" status="PASS">
          <reporter-output>
          </reporter-output>
        </test-method> <!-- tearDown -->
      </class> <!-- accountTests.CreateAccountTest -->
    </test> <!-- Default test -->
  </suite> <!-- Default suite -->
</testng-results>
